
74 "number of signals after reading design file"

"sig    sig    sig pair blk fan                             PT xor sync"
"num   name   type  sig num out                   pin node cnt  PT type"
"---   ----   ---- ---- --- ---                   --- ---- --- --- ----"

 271        A00  5  307   5   0                    -1   -1   3   0   20
 269    TB_20ms  5  305   2   0                    -1   -1   3   0   21
 266     TB_2ms  5  302   4   0                    -1   -1   3   0   21
 263   TB_200us  5  299   3   0                    -1   -1   3   0   21
 260    TB_20us  5  296   2   0                    -1   -1   3   0   21
 257     TB_2us  5  293   0   0                    -1   -1   3   0   21
 282        A11  5  318   5   0                    -1   -1   2   0   20
 281        A10  5  317   1   0                    -1   -1   2   0   20
 280        A09  5  316   1   0                    -1   -1   2   0   20
 279        A08  5  315   1   0                    -1   -1   2   0   20
 278        A07  5  314   1   0                    -1   -1   2   0   20
 277        A06  5  313   4   0                    -1   -1   2   0   20
 276        A05  5  312   4   0                    -1   -1   2   0   20
 275        A04  5  311   1   0                    -1   -1   2   0   20
 274        A03  5  310   1   0                    -1   -1   2   0   20
 273        A02  5  309   5   0                    -1   -1   2   0   20
 272        A01  5  308   5   0                    -1   -1   2   0   20
 270    TB_50ms  5  306   2   0                    -1   -1   2   0   21
 268    TB_10ms  5  304   4   0                    -1   -1   2   0   21
 267     TB_5ms  5  303   4   0                    -1   -1   2   0   21
 265     TB_1ms  5  301   5   0                    -1   -1   2   0   21
 264   TB_500us  5  300   3   0                    -1   -1   2   0   21
 262   TB_100us  5  298   3   0                    -1   -1   2   0   21
 261    TB_50us  5  297   2   0                    -1   -1   2   0   21
 259    TB_10us  5  295   0   0                    -1   -1   2   0   21
 258     TB_5us  5  294   0   0                    -1   -1   2   0   21
 256     TB_1us  5  292   0   0                    -1   -1   2   0   21
 255         C8  5  291   2   0                    -1   -1   1   0   20
 254       WRAD  5  290   1   0                    -1   -1   1   0   21
 248       READ  0        3   0                    -1   -1   1   0   20
 247      READY  0        5   0                    -1   -1   1   0   20
 246     CE_RAM  0        4   0                    -1   -1   1   0   21
 283       N_57  3   -1   3   4     1     3  4  5  -1   -1   1   0   20
 291      RN_C8  3  255   2   3     1        4  5  -1   -1   1   0   20
 284       N_49  3   -1   5   3     1        4  5  -1   -1   1   0   20
 305 RN_TB_20ms  3  269   2   2  0     2           -1   -1   3   0   21
 318     RN_A11  3  282   5   2           3     5  -1   -1   2   0   20
 317     RN_A10  3  281   1   2     1           5  -1   -1   2   0   20
 313     RN_A06  3  277   4   2     1        4     -1   -1   2   0   20
 311     RN_A04  3  275   1   2     1        4     -1   -1   2   0   20
 309     RN_A02  3  273   5   2     1           5  -1   -1   2   0   20
 304 RN_TB_10ms  3  268   4   2        2     4     -1   -1   2   0   21
 301  RN_TB_1ms  3  265   5   2              4  5  -1   -1   2   0   21
 300 RN_TB_500us  3  264   3   2           3     5  -1   -1   2   0   21
 297 RN_TB_50us  3  261   2   2        2  3        -1   -1   2   0   21
 295 RN_TB_10us  3  259   0   2  0     2           -1   -1   2   0   21
 285 D0_OUTPUT_QC  3   -1   0   2  0     2           -1   -1   2   0   21
 307     RN_A00  3  271   5   1                 5  -1   -1   3   0   20
 302  RN_TB_2ms  3  266   4   1              4     -1   -1   3   0   21
 299 RN_TB_200us  3  263   3   1           3        -1   -1   3   0   21
 296 RN_TB_20us  3  260   2   1        2           -1   -1   3   0   21
 293  RN_TB_2us  3  257   0   1  0                 -1   -1   3   0   21
 316     RN_A09  3  280   1   1     1              -1   -1   2   0   20
 315     RN_A08  3  279   1   1     1              -1   -1   2   0   20
 314     RN_A07  3  278   1   1     1              -1   -1   2   0   20
 312     RN_A05  3  276   4   1              4     -1   -1   2   0   20
 310     RN_A03  3  274   1   1     1              -1   -1   2   0   20
 308     RN_A01  3  272   5   1                 5  -1   -1   2   0   20
 306 RN_TB_50ms  3  270   2   1        2           -1   -1   2   0   21
 303  RN_TB_5ms  3  267   4   1              4     -1   -1   2   0   21
 298 RN_TB_100us  3  262   3   1           3        -1   -1   2   0   21
 294  RN_TB_5us  3  258   0   1  0                 -1   -1   2   0   21
 292  RN_TB_1us  3  256   0   1  0                 -1   -1   2   0   21
 289 H0_OUTPUT_QC  3   -1   0   1  0                 -1   -1   2   0   21
 288 G0_OUTPUT_QC  3   -1   2   1        2           -1   -1   2   0   21
 287 F0_OUTPUT_QC  3   -1   3   1           3        -1   -1   2   0   21
 286 E0_OUTPUT_QC  3   -1   4   1              4     -1   -1   2   0   21
 290    RN_WRAD  3  254   1   1           3        -1   -1   1   0   21
 250        CLK  9       -1   1  0                 60   -1
 252         R3  9       -1   0                    13   -1
 245         S2  9       -1   0                    10   -1
 249        CLR  1   -1  -1   5  0     2  3  4  5  -1   -1
 251         R2  1   -1  -1   2           3     5  -1   -1
 253         S1  1   -1  -1   1        2           -1   -1
74 "number of signals after reading design file"

"sig    sig    sig pair blk fan                                                           PT xor sync"
"num   name   type  sig num out                                                 pin node cnt  PT type"
"---   ----   ---- ---- --- ---                                                 --- ---- --- --- ----"

 619        A00  5  655  12   0                                                  -1   -1   3   0   20
 617    TB_20ms  5  653   0   0                                                  -1   -1   3   0   20
 614     TB_2ms  5  650   4   0                                                  -1   -1   3   0   20
 611   TB_200us  5  647   3   0                                                  -1   -1   3   0   20
 608    TB_20us  5  644  14   0                                                  -1   -1   3   0   20
 605     TB_2us  5  641   1   0                                                  -1   -1   3   0   20
 630        A11  5  666   8   0                                                  -1   -1   2   0   20
 629        A10  5  665  11   0                                                  -1   -1   2   0   20
 628        A09  5  664   8   0                                                  -1   -1   2   0   20
 627        A08  5  663   7   0                                                  -1   -1   2   0   20
 626        A07  5  662   9   0                                                  -1   -1   2   0   20
 625        A06  5  661  15   0                                                  -1   -1   2   0   20
 624        A05  5  660   6   0                                                  -1   -1   2   0   20
 623        A04  5  659  15   0                                                  -1   -1   2   0   20
 622        A03  5  658   6   0                                                  -1   -1   2   0   20
 621        A02  5  657  13   0                                                  -1   -1   2   0   20
 620        A01  5  656  12   0                                                  -1   -1   2   0   20
 618    TB_50ms  5  654   0   0                                                  -1   -1   2   0   20
 616    TB_10ms  5  652   5   0                                                  -1   -1   2   0   20
 615     TB_5ms  5  651   4   0                                                  -1   -1   2   0   20
 613     TB_1ms  5  649   5   0                                                  -1   -1   2   0   20
 612   TB_500us  5  648   3   0                                                  -1   -1   2   0   20
 610   TB_100us  5  646   3   0                                                  -1   -1   2   0   20
 609    TB_50us  5  645  14   0                                                  -1   -1   2   0   20
 607    TB_10us  5  643   1   0                                                  -1   -1   2   0   20
 606     TB_5us  5  642   1   0                                                  -1   -1   2   0   20
 604     TB_1us  5  640   5   0                                                  -1   -1   2   0   20
 603         C8  5  639   7   0                                                  -1   -1   1   0   21
 602       WRAD  5  638   2   0                                                  -1   -1   1   0   20
 596       READ  0       13   0                                                  -1   -1   1   0   20
 595      READY  0       11   0                                                  -1   -1   1   0   20
 594     CE_RAM  0       15   0                                                  -1   -1   1   0   21
 631       N_57  3   -1   9   9        2           6  7  8  9    11 12 13    15  -1   -1   1   0   21
 639      RN_C8  3  603   7   8                    6  7  8  9    11 12 13    15  -1   -1   1   0   21
 632       N_49  3   -1  12   8                    6  7  8  9    11 12 13    15  -1   -1   1   0   20
 666     RN_A11  3  630   8   4                          8       11 12 13        -1   -1   2   0   20
 653 RN_TB_20ms  3  617   0   2  0     2                                         -1   -1   3   0   20
 647 RN_TB_200us  3  611   3   2           3                   10                 -1   -1   3   0   20
 644 RN_TB_20us  3  608  14   2        2                                  14     -1   -1   3   0   20
 641  RN_TB_2us  3  605   1   2     1                         10                 -1   -1   3   0   20
 665     RN_A10  3  629  11   2                          8       11              -1   -1   2   0   20
 664     RN_A09  3  628   8   2                          8       11              -1   -1   2   0   20
 663     RN_A08  3  627   7   2                       7  8                       -1   -1   2   0   20
 662     RN_A07  3  626   9   2                       7     9                    -1   -1   2   0   20
 661     RN_A06  3  625  15   2                             9                15  -1   -1   2   0   20
 660     RN_A05  3  624   6   2                    6                         15  -1   -1   2   0   20
 659     RN_A04  3  623  15   2                    6                         15  -1   -1   2   0   20
 658     RN_A03  3  622   6   2                    6                         15  -1   -1   2   0   20
 657     RN_A02  3  621  13   2                    6                   13        -1   -1   2   0   20
 656     RN_A01  3  620  12   2                                     12 13        -1   -1   2   0   20
 652 RN_TB_10ms  3  616   5   2  0              5                                -1   -1   2   0   20
 651  RN_TB_5ms  3  615   4   2              4  5                                -1   -1   2   0   20
 649  RN_TB_1ms  3  613   5   2              4  5                                -1   -1   2   0   20
 648 RN_TB_500us  3  612   3   2           3     5                                -1   -1   2   0   20
 645 RN_TB_50us  3  609  14   2           3                               14     -1   -1   2   0   20
 643 RN_TB_10us  3  607   1   2     1                                     14     -1   -1   2   0   20
 640  RN_TB_1us  3  604   5   2     1           5                                -1   -1   2   0   20
 637 H0_OUTPUT_QC  3   -1  10   2     1                         10                 -1   -1   2   0   20
 636 G0_OUTPUT_QC  3   -1   2   2        2                                  14     -1   -1   2   0   20
 635 F0_OUTPUT_QC  3   -1  10   2           3                   10                 -1   -1   2   0   20
 633 D0_OUTPUT_QC  3   -1   2   2  0     2                                         -1   -1   2   0   20
 655     RN_A00  3  619  12   1                                     12           -1   -1   3   0   20
 650  RN_TB_2ms  3  614   4   1              4                                   -1   -1   3   0   20
 654 RN_TB_50ms  3  618   0   1  0                                               -1   -1   2   0   20
 646 RN_TB_100us  3  610   3   1           3                                      -1   -1   2   0   20
 642  RN_TB_5us  3  606   1   1     1                                            -1   -1   2   0   20
 634 E0_OUTPUT_QC  3   -1   4   1              4                                   -1   -1   2   0   20
 638    RN_WRAD  3  602   2   1                             9                    -1   -1   1   0   20
 600         R3  2       -1   0                                                 186   -1
 593         S2  2       -1   0                                                  73   -1
 598        CLK  1   -1  -1   8  0  1  2  3  4  5             10          14     -1   -1
 597        CLR  1   -1  -1   8  0  1  2  3  4  5             10          14     -1   -1
 599         R2  1   -1  -1   3                                  11 12 13        -1   -1
 601         S1  1   -1  -1   1                       7                          -1   -1