
37 "number of signals after reading design file"

"sig    sig    sig pair blk fan                 PT xor sync"
"num   name   type  sig num out       pin node cnt  PT type"
"---   ----   ---- ---- --- ---       --- ---- --- --- ----"

  92        O_B  5  112   0   0        -1   -1   3   0   21
  89        O_E  5  109   1   0        -1   -1   3   0   21
  86        O_H  5  106   0   0        -1   -1   3   0   21
  83        O_L  5  103   1   0        -1   -1   3   0   21
  80        O_P  5  100   0   0        -1   -1   3   0   21
  93        O_A  5  113   1   0        -1   -1   2   0   21
  91        O_C  5  111   0   0        -1   -1   2   0   21
  90        O_D  5  110   1   0        -1   -1   2   0   21
  88        O_F  5  108   1   0        -1   -1   2   0   21
  87        O_G  5  107   1   0        -1   -1   2   0   21
  85        O_J  5  105   0   0        -1   -1   2   0   21
  84        O_K  5  104   1   0        -1   -1   2   0   21
  82        O_M  5  102   1   0        -1   -1   2   0   21
  81        O_N  5  101   0   0        -1   -1   2   0   21
  79        O_Q  5   99   0   0        -1   -1   2   0   21
 113     RN_O_A  3   93   1   2  0  1  -1   -1   2   0   21
 111     RN_O_C  3   91   0   2  0  1  -1   -1   2   0   21
 107     RN_O_G  3   87   1   2  0  1  -1   -1   2   0   21
 105     RN_O_J  3   85   0   2  0  1  -1   -1   2   0   21
 102     RN_O_M  3   82   1   2  0  1  -1   -1   2   0   21
 112     RN_O_B  3   92   0   1  0     -1   -1   3   0   21
 109     RN_O_E  3   89   1   1     1  -1   -1   3   0   21
 106     RN_O_H  3   86   0   1  0     -1   -1   3   0   21
 103     RN_O_L  3   83   1   1     1  -1   -1   3   0   21
 100     RN_O_P  3   80   0   1  0     -1   -1   3   0   21
 110     RN_O_D  3   90   1   1     1  -1   -1   2   0   21
 108     RN_O_F  3   88   1   1     1  -1   -1   2   0   21
 104     RN_O_K  3   84   1   1     1  -1   -1   2   0   21
 101     RN_O_N  3   81   0   1  0     -1   -1   2   0   21
  99     RN_O_Q  3   79   0   1  0     -1   -1   2   0   21
  98 E0_OUTPUT_QC  3   -1   0   1  0     -1   -1   2   0   21
  97 F0_OUTPUT_QC  3   -1   1   1     1  -1   -1   2   0   21
  96 G0_OUTPUT_QC  3   -1   0   1  0     -1   -1   2   0   21
  95 H0_OUTPUT_QC  3   -1   1   1     1  -1   -1   2   0   21
  94 K0_OUTPUT_QC  3   -1   0   1  0     -1   -1   2   0   21
  77        CLK  9       -1   1     1  10   -1
  78        CLR  1   -1  -1   2  0  1  -1   -1